wayfinder/app/build/outputs/logs/manifest-merger-release-report.txt
-- Merging decision tree log ---
manifest
ADDED from src\main\AndroidManifest.xml:2:1-57:12
INJECTED from src\main\AndroidManifest.xml:2:1-57:12
INJECTED from src\main\AndroidManifest.xml:2:1-57:12
INJECTED from src\main\AndroidManifest.xml:2:1-57:12
MERGED from [com.android.support:design:27.1.0] AndroidManifest.xml:17:1-22:12
MERGED from [com.android.support:appcompat-v7:27.1.0] AndroidManifest.xml:17:1-22:12
MERGED from [com.android.support:support-v4:27.1.0] AndroidManifest.xml:17:1-22:12
MERGED from [com.android.support.constraint:constraint-layout:1.0.2] AndroidManifest.xml:2:1-11:12
MERGED from [com.android.support:support-fragment:27.1.0] AndroidManifest.xml:17:1-22:12
MERGED from [com.android.support:animated-vector-drawable:27.1.0] AndroidManifest.xml:17:1-22:12
MERGED from [com.android.support:recyclerview-v7:27.1.0] AndroidManifest.xml:17:1-22:12
MERGED from [com.android.support:support-core-ui:27.1.0] AndroidManifest.xml:17:1-22:12
MERGED from [com.android.support:support-core-utils:27.1.0] AndroidManifest.xml:17:1-22:12
MERGED from [com.android.support:support-vector-drawable:27.1.0] AndroidManifest.xml:17:1-22:12
MERGED from [com.android.support:transition:27.1.0] AndroidManifest.xml:17:1-22:12
MERGED from [com.android.support:support-media-compat:27.1.0] AndroidManifest.xml:17:1-22:12
MERGED from [com.android.support:support-compat:27.1.0] AndroidManifest.xml:17:1-22:12
MERGED from [android.arch.lifecycle:livedata-core:1.1.0] AndroidManifest.xml:17:1-22:12
MERGED from [android.arch.lifecycle:viewmodel:1.1.0] AndroidManifest.xml:17:1-22:12
MERGED from [android.arch.lifecycle:runtime:1.1.0] AndroidManifest.xml:17:1-22:12
MERGED from [android.arch.core:runtime:1.1.0] AndroidManifest.xml:17:1-22:12
INJECTED from src\main\AndroidManifest.xml:2:1-57:12
INJECTED from src\main\AndroidManifest.xml:2:1-57:12
INJECTED from src\main\AndroidManifest.xml:2:1-57:12
	package
		ADDED from src\main\AndroidManifest.xml:3:5-38
		INJECTED from src\main\AndroidManifest.xml
		INJECTED from src\main\AndroidManifest.xml
	android:versionName
		ADDED from src\main\AndroidManifest.xml:5:5-30
		INJECTED from src\main\AndroidManifest.xml
		INJECTED from src\main\AndroidManifest.xml
	xmlns:android
		ADDED from src\main\AndroidManifest.xml:2:11-69
	android:versionCode
		ADDED from src\main\AndroidManifest.xml:4:5-28
		INJECTED from src\main\AndroidManifest.xml
		INJECTED from src\main\AndroidManifest.xml
uses-sdk
ADDED from src\main\AndroidManifest.xml:7:5-9:41
INJECTED from src\main\AndroidManifest.xml:7:5-9:41
INJECTED from src\main\AndroidManifest.xml:7:5-9:41
MERGED from [com.android.support:design:27.1.0] AndroidManifest.xml:20:5-44
MERGED from [com.android.support:design:27.1.0] AndroidManifest.xml:20:5-44
MERGED from [com.android.support:appcompat-v7:27.1.0] AndroidManifest.xml:20:5-44
MERGED from [com.android.support:appcompat-v7:27.1.0] AndroidManifest.xml:20:5-44
MERGED from [com.android.support:support-v4:27.1.0] AndroidManifest.xml:20:5-44
MERGED from [com.android.support:support-v4:27.1.0] AndroidManifest.xml:20:5-44
MERGED from [com.android.support.constraint:constraint-layout:1.0.2] AndroidManifest.xml:5:5-7:41
MERGED from [com.android.support.constraint:constraint-layout:1.0.2] AndroidManifest.xml:5:5-7:41
MERGED from [com.android.support:support-fragment:27.1.0] AndroidManifest.xml:20:5-44
MERGED from [com.android.support:support-fragment:27.1.0] AndroidManifest.xml:20:5-44
MERGED from [com.android.support:animated-vector-drawable:27.1.0] AndroidManifest.xml:20:5-44
MERGED from [com.android.support:animated-vector-drawable:27.1.0] AndroidManifest.xml:20:5-44
MERGED from [com.android.support:recyclerview-v7:27.1.0] AndroidManifest.xml:20:5-44
MERGED from [com.android.support:recyclerview-v7:27.1.0] AndroidManifest.xml:20:5-44
MERGED from [com.android.support:support-core-ui:27.1.0] AndroidManifest.xml:20:5-44
MERGED from [com.android.support:support-core-ui:27.1.0] AndroidManifest.xml:20:5-44
MERGED from [com.android.support:support-core-utils:27.1.0] AndroidManifest.xml:20:5-44
MERGED from [com.android.support:support-core-utils:27.1.0] AndroidManifest.xml:20:5-44
MERGED from [com.android.support:support-vector-drawable:27.1.0] AndroidManifest.xml:20:5-44
MERGED from [com.android.support:support-vector-drawable:27.1.0] AndroidManifest.xml:20:5-44
MERGED from [com.android.support:transition:27.1.0] AndroidManifest.xml:20:5-44
MERGED from [com.android.support:transition:27.1.0] AndroidManifest.xml:20:5-44
MERGED from [com.android.support:support-media-compat:27.1.0] AndroidManifest.xml:20:5-44
MERGED from [com.android.support:support-media-compat:27.1.0] AndroidManifest.xml:20:5-44
MERGED from [com.android.support:support-compat:27.1.0] AndroidManifest.xml:20:5-44
MERGED from [com.android.support:support-compat:27.1.0] AndroidManifest.xml:20:5-44
MERGED from [android.arch.lifecycle:livedata-core:1.1.0] AndroidManifest.xml:20:5-44
MERGED from [android.arch.lifecycle:livedata-core:1.1.0] AndroidManifest.xml:20:5-44
MERGED from [android.arch.lifecycle:viewmodel:1.1.0] AndroidManifest.xml:20:5-44
MERGED from [android.arch.lifecycle:viewmodel:1.1.0] AndroidManifest.xml:20:5-44
MERGED from [android.arch.lifecycle:runtime:1.1.0] AndroidManifest.xml:20:5-44
MERGED from [android.arch.lifecycle:runtime:1.1.0] AndroidManifest.xml:20:5-44
MERGED from [android.arch.core:runtime:1.1.0] AndroidManifest.xml:20:5-44
MERGED from [android.arch.core:runtime:1.1.0] AndroidManifest.xml:20:5-44
INJECTED from src\main\AndroidManifest.xml:7:5-9:41
INJECTED from src\main\AndroidManifest.xml:7:5-9:41
	android:targetSdkVersion
		ADDED from src\main\AndroidManifest.xml:9:9-38
		INJECTED from src\main\AndroidManifest.xml
		INJECTED from src\main\AndroidManifest.xml
	android:minSdkVersion
		ADDED from src\main\AndroidManifest.xml:8:9-34
		INJECTED from src\main\AndroidManifest.xml
		INJECTED from src\main\AndroidManifest.xml
uses-permission#android.permission.WRITE_EXTERNAL_STORAGE
ADDED from src\main\AndroidManifest.xml:11:5-81
	android:name
		ADDED from src\main\AndroidManifest.xml:11:22-78
uses-permission#android.permission.READ_EXTERNAL_STORAGE
ADDED from src\main\AndroidManifest.xml:12:5-80
	android:name
		ADDED from src\main\AndroidManifest.xml:12:22-77
uses-permission#android.permission.READ_PHONE_STATE
ADDED from src\main\AndroidManifest.xml:13:5-75
	android:name
		ADDED from src\main\AndroidManifest.xml:13:22-72
application
ADDED from src\main\AndroidManifest.xml:15:5-55:19
MERGED from [com.android.support.constraint:constraint-layout:1.0.2] AndroidManifest.xml:9:5-20
MERGED from [com.android.support.constraint:constraint-layout:1.0.2] AndroidManifest.xml:9:5-20
	android:label
		ADDED from src\main\AndroidManifest.xml:18:9-41
	android:icon
		ADDED from src\main\AndroidManifest.xml:17:9-45
	android:allowBackup
		ADDED from src\main\AndroidManifest.xml:16:9-35
	android:theme
		ADDED from src\main\AndroidManifest.xml:19:9-53
activity#com.wayfinder.wayfinder.Home
ADDED from src\main\AndroidManifest.xml:20:9-30:20
	android:screenOrientation
		ADDED from src\main\AndroidManifest.xml:23:13-49
	android:label
		ADDED from src\main\AndroidManifest.xml:22:13-45
	android:name
		ADDED from src\main\AndroidManifest.xml:21:13-33
intent-filter#action:name:android.intent.action.MAIN+category:name:android.intent.category.LAUNCHER
ADDED from src\main\AndroidManifest.xml:24:13-28:29
action#android.intent.action.MAIN
ADDED from src\main\AndroidManifest.xml:25:17-69
	android:name
		ADDED from src\main\AndroidManifest.xml:25:25-66
category#android.intent.category.LAUNCHER
ADDED from src\main\AndroidManifest.xml:27:17-77
	android:name
		ADDED from src\main\AndroidManifest.xml:27:27-74
activity#com.wayfinder.wayfinder.Sched
ADDED from src\main\AndroidManifest.xml:31:9-34:52
	android:screenOrientation
		ADDED from src\main\AndroidManifest.xml:34:13-49
	android:label
		ADDED from src\main\AndroidManifest.xml:33:13-57
	android:name
		ADDED from src\main\AndroidManifest.xml:32:13-34
activity#com.wayfinder.wayfinder.ImageMap
ADDED from src\main\AndroidManifest.xml:35:9-38:52
	android:screenOrientation
		ADDED from src\main\AndroidManifest.xml:38:13-49
	android:label
		ADDED from src\main\AndroidManifest.xml:37:13-61
	android:name
		ADDED from src\main\AndroidManifest.xml:36:13-37
activity#com.wayfinder.wayfinder.ViewBoothList
ADDED from src\main\AndroidManifest.xml:39:9-42:52
	android:screenOrientation
		ADDED from src\main\AndroidManifest.xml:42:13-49
	android:label
		ADDED from src\main\AndroidManifest.xml:41:13-61
	android:name
		ADDED from src\main\AndroidManifest.xml:40:13-42
activity#com.wayfinder.wayfinder.SchedThurs
ADDED from src\main\AndroidManifest.xml:43:9-46:52
	android:screenOrientation
		ADDED from src\main\AndroidManifest.xml:46:13-49
	android:label
		ADDED from src\main\AndroidManifest.xml:45:13-63
	android:name
		ADDED from src\main\AndroidManifest.xml:44:13-39
activity#com.wayfinder.wayfinder.SchedFri
ADDED from src\main\AndroidManifest.xml:47:9-50:52
	android:screenOrientation
		ADDED from src\main\AndroidManifest.xml:50:13-49
	android:label
		ADDED from src\main\AndroidManifest.xml:49:13-61
	android:name
		ADDED from src\main\AndroidManifest.xml:48:13-37
activity#com.wayfinder.wayfinder.ScheduleViewActivity
ADDED from src\main\AndroidManifest.xml:51:9-53:20
	android:name
		ADDED from src\main\AndroidManifest.xml:51:19-55